<?xml version="1.0" encoding="UTF-8"?>
<coverage generated="1732845155427" clover="3.2.0">
  <project timestamp="1732845155427" name="All files">
    <metrics statements="85" coveredstatements="77" conditionals="53" coveredconditionals="40" methods="17" coveredmethods="15" elements="155" coveredelements="132" complexity="0" loc="85" ncloc="85" packages="2" files="2" classes="2"/>
    <package name="components">
      <metrics statements="6" coveredstatements="3" conditionals="3" coveredconditionals="2" methods="3" coveredmethods="1"/>
      <file name="ValidationErrorsDisplay.tsx" path="C:\code\Redington\CalculatorAPP\src\components\ValidationErrorsDisplay.tsx">
        <metrics statements="6" coveredstatements="3" conditionals="3" coveredconditionals="2" methods="3" coveredmethods="1"/>
        <line num="3" count="1" type="stmt"/>
        <line num="5" count="18" type="cond" truecount="2" falsecount="1"/>
        <line num="6" count="18" type="stmt"/>
        <line num="9" count="0" type="stmt"/>
        <line num="12" count="0" type="stmt"/>
        <line num="16" count="0" type="stmt"/>
      </file>
    </package>
    <package name="components.calculator">
      <metrics statements="79" coveredstatements="74" conditionals="50" coveredconditionals="38" methods="14" coveredmethods="14"/>
      <file name="calculator-calculate-probability.tsx" path="C:\code\Redington\CalculatorAPP\src\components\calculator\calculator-calculate-probability.tsx">
        <metrics statements="79" coveredstatements="74" conditionals="50" coveredconditionals="38" methods="14" coveredmethods="14"/>
        <line num="1" count="1" type="stmt"/>
        <line num="2" count="1" type="stmt"/>
        <line num="3" count="1" type="stmt"/>
        <line num="10" count="1" type="stmt"/>
        <line num="12" count="1" type="stmt"/>
        <line num="13" count="19" type="stmt"/>
        <line num="14" count="18" type="stmt"/>
        <line num="15" count="18" type="stmt"/>
        <line num="16" count="18" type="stmt"/>
        <line num="17" count="18" type="stmt"/>
        <line num="18" count="18" type="stmt"/>
        <line num="19" count="18" type="stmt"/>
        <line num="20" count="18" type="stmt"/>
        <line num="23" count="18" type="stmt"/>
        <line num="24" count="4" type="stmt"/>
        <line num="28" count="18" type="stmt"/>
        <line num="35" count="18" type="stmt"/>
        <line num="42" count="18" type="stmt"/>
        <line num="50" count="18" type="stmt"/>
        <line num="51" count="4" type="stmt"/>
        <line num="52" count="4" type="stmt"/>
        <line num="53" count="4" type="stmt"/>
        <line num="54" count="4" type="stmt"/>
        <line num="55" count="4" type="cond" truecount="2" falsecount="0"/>
        <line num="56" count="1" type="cond" truecount="1" falsecount="1"/>
        <line num="58" count="3" type="stmt"/>
        <line num="60" count="4" type="stmt"/>
        <line num="62" count="0" type="cond" truecount="0" falsecount="2"/>
        <line num="64" count="4" type="stmt"/>
        <line num="68" count="4" type="stmt"/>
        <line num="72" count="18" type="stmt"/>
        <line num="73" count="4" type="stmt"/>
        <line num="77" count="18" type="stmt"/>
        <line num="78" count="8" type="stmt"/>
        <line num="80" count="8" type="cond" truecount="3" falsecount="0"/>
        <line num="81" count="6" type="stmt"/>
        <line num="82" count="6" type="cond" truecount="4" falsecount="0"/>
        <line num="83" count="2" type="stmt"/>
        <line num="87" count="8" type="cond" truecount="3" falsecount="1"/>
        <line num="88" count="0" type="stmt"/>
        <line num="91" count="8" type="stmt"/>
        <line num="96" count="8" type="stmt"/>
        <line num="100" count="18" type="stmt"/>
        <line num="101" count="36" type="stmt"/>
        <line num="103" count="4" type="stmt"/>
        <line num="106" count="4" type="stmt"/>
        <line num="112" count="4" type="cond" truecount="1" falsecount="0"/>
        <line num="113" count="4" type="stmt"/>
        <line num="118" count="18" type="stmt"/>
        <line num="119" count="1" type="stmt"/>
        <line num="120" count="1" type="stmt"/>
        <line num="122" count="1" type="stmt"/>
        <line num="123" count="3" type="stmt"/>
        <line num="124" count="3" type="cond" truecount="0" falsecount="1"/>
        <line num="125" count="0" type="stmt"/>
        <line num="129" count="1" type="stmt"/>
        <line num="133" count="18" type="stmt"/>
        <line num="134" count="1" type="stmt"/>
        <line num="136" count="1" type="stmt"/>
        <line num="138" count="1" type="cond" truecount="1" falsecount="0"/>
        <line num="139" count="1" type="stmt"/>
        <line num="140" count="1" type="stmt"/>
        <line num="141" count="1" type="stmt"/>
        <line num="142" count="1" type="stmt"/>
        <line num="143" count="1" type="stmt"/>
        <line num="144" count="1" type="stmt"/>
        <line num="146" count="1" type="stmt"/>
        <line num="149" count="1" type="cond" truecount="1" falsecount="1"/>
        <line num="150" count="1" type="stmt"/>
        <line num="152" count="0" type="stmt"/>
        <line num="155" count="0" type="cond" truecount="0" falsecount="2"/>
        <line num="157" count="1" type="stmt"/>
        <line num="162" count="18" type="stmt"/>
        <line num="209" count="1" type="stmt"/>
        <line num="210" count="1" type="stmt"/>
        <line num="211" count="1" type="stmt"/>
        <line num="215" count="1" type="stmt"/>
        <line num="223" count="10" type="stmt"/>
        <line num="253" count="1" type="stmt"/>
      </file>
    </package>
  </project>
</coverage>
