{"C:\\code\\Redington\\CalculatorAPP\\src\\components\\ValidationErrorsDisplay.tsx": {"path":"C:\\code\\Redington\\CalculatorAPP\\src\\components\\ValidationErrorsDisplay.tsx","statementMap":{"0":{"start":{"line":3,"column":95},"end":{"line":23,"column":1}},"1":{"start":{"line":5,"column":4},"end":{"line":7,"column":5}},"2":{"start":{"line":6,"column":8},"end":{"line":6,"column":20}},"3":{"start":{"line":9,"column":4},"end":{"line":22,"column":6}},"4":{"start":{"line":12,"column":16},"end":{"line":12,"column":null}},"5":{"start":{"line":16,"column":28},"end":{"line":16,"column":45}},"6":{"start":{"line":3,"column":13},"end":{"line":3,"column":95}}},"fnMap":{"0":{"name":"(anonymous_0)","decl":{"start":{"line":3,"column":95},"end":{"line":3,"column":96}},"loc":{"start":{"line":3,"column":110},"end":{"line":23,"column":1}}},"1":{"name":"(anonymous_1)","decl":{"start":{"line":11,"column":40},"end":{"line":11,"column":41}},"loc":{"start":{"line":12,"column":16},"end":{"line":12,"column":null}}},"2":{"name":"(anonymous_2)","decl":{"start":{"line":15,"column":43},"end":{"line":15,"column":44}},"loc":{"start":{"line":16,"column":28},"end":{"line":16,"column":45}}}},"branchMap":{"0":{"loc":{"start":{"line":5,"column":4},"end":{"line":7,"column":5}},"type":"if","locations":[{"start":{"line":5,"column":4},"end":{"line":7,"column":5}}]},"1":{"loc":{"start":{"line":5,"column":8},"end":{"line":5,"column":33}},"type":"binary-expr","locations":[{"start":{"line":5,"column":8},"end":{"line":5,"column":22}},{"start":{"line":5,"column":26},"end":{"line":5,"column":33}}]}},"s":{"0":1,"1":18,"2":18,"3":0,"4":0,"5":0,"6":1},"f":{"0":18,"1":0,"2":0},"b":{"0":[18],"1":[18,0]}}
,"C:\\code\\Redington\\CalculatorAPP\\src\\components\\calculator\\calculator-calculate-probability.tsx": {"path":"C:\\code\\Redington\\CalculatorAPP\\src\\components\\calculator\\calculator-calculate-probability.tsx","statementMap":{"0":{"start":{"line":1,"column":0},"end":{"line":1,"column":49}},"1":{"start":{"line":2,"column":0},"end":{"line":2,"column":48}},"2":{"start":{"line":3,"column":0},"end":{"line":3,"column":103}},"3":{"start":{"line":10,"column":0},"end":{"line":10,"column":71}},"4":{"start":{"line":12,"column":49},"end":{"line":251,"column":1}},"5":{"start":{"line":13,"column":28},"end":{"line":13,"column":48}},"6":{"start":{"line":14,"column":30},"end":{"line":14,"column":64}},"7":{"start":{"line":15,"column":32},"end":{"line":15,"column":61}},"8":{"start":{"line":16,"column":30},"end":{"line":16,"column":59}},"9":{"start":{"line":17,"column":36},"end":{"line":17,"column":60}},"10":{"start":{"line":18,"column":32},"end":{"line":18,"column":59}},"11":{"start":{"line":19,"column":40},"end":{"line":19,"column":55}},"12":{"start":{"line":20,"column":52},"end":{"line":20,"column":99}},"13":{"start":{"line":23,"column":4},"end":{"line":25,"column":11}},"14":{"start":{"line":24,"column":8},"end":{"line":24,"column":28}},"15":{"start":{"line":28,"column":34},"end":{"line":32,"column":6}},"16":{"start":{"line":35,"column":48},"end":{"line":39,"column":6}},"17":{"start":{"line":42,"column":32},"end":{"line":46,"column":6}},"18":{"start":{"line":50,"column":4},"end":{"line":69,"column":11}},"19":{"start":{"line":51,"column":27},"end":{"line":66,"column":9}},"20":{"start":{"line":52,"column":12},"end":{"line":52,"column":30}},"21":{"start":{"line":53,"column":12},"end":{"line":65,"column":13}},"22":{"start":{"line":54,"column":29},"end":{"line":54,"column":97}},"23":{"start":{"line":55,"column":16},"end":{"line":59,"column":17}},"24":{"start":{"line":56,"column":20},"end":{"line":56,"column":58}},"25":{"start":{"line":58,"column":20},"end":{"line":58,"column":74}},"26":{"start":{"line":60,"column":16},"end":{"line":60,"column":35}},"27":{"start":{"line":62,"column":16},"end":{"line":62,"column":80}},"28":{"start":{"line":64,"column":16},"end":{"line":64,"column":35}},"29":{"start":{"line":68,"column":8},"end":{"line":68,"column":21}},"30":{"start":{"line":72,"column":4},"end":{"line":74,"column":11}},"31":{"start":{"line":73,"column":8},"end":{"line":73,"column":35}},"32":{"start":{"line":77,"column":26},"end":{"line":97,"column":5}},"33":{"start":{"line":78,"column":20},"end":{"line":78,"column":22}},"34":{"start":{"line":80,"column":8},"end":{"line":85,"column":9}},"35":{"start":{"line":81,"column":29},"end":{"line":81,"column":46}},"36":{"start":{"line":82,"column":12},"end":{"line":84,"column":13}},"37":{"start":{"line":83,"column":16},"end":{"line":83,"column":51}},"38":{"start":{"line":87,"column":8},"end":{"line":89,"column":9}},"39":{"start":{"line":88,"column":12},"end":{"line":88,"column":56}},"40":{"start":{"line":91,"column":8},"end":{"line":94,"column":12}},"41":{"start":{"line":91,"column":35},"end":{"line":94,"column":10}},"42":{"start":{"line":96,"column":8},"end":{"line":96,"column":28}},"43":{"start":{"line":100,"column":30},"end":{"line":115,"column":9}},"44":{"start":{"line":101,"column":8},"end":{"line":115,"column":9}},"45":{"start":{"line":103,"column":26},"end":{"line":103,"column":40}},"46":{"start":{"line":106,"column":12},"end":{"line":109,"column":15}},"47":{"start":{"line":112,"column":12},"end":{"line":114,"column":13}},"48":{"start":{"line":113,"column":16},"end":{"line":113,"column":44}},"49":{"start":{"line":118,"column":30},"end":{"line":130,"column":5}},"50":{"start":{"line":119,"column":62},"end":{"line":119,"column":80}},"51":{"start":{"line":120,"column":22},"end":{"line":120,"column":26}},"52":{"start":{"line":122,"column":8},"end":{"line":127,"column":11}},"53":{"start":{"line":123,"column":31},"end":{"line":123,"column":67}},"54":{"start":{"line":124,"column":12},"end":{"line":126,"column":13}},"55":{"start":{"line":125,"column":16},"end":{"line":125,"column":32}},"56":{"start":{"line":129,"column":8},"end":{"line":129,"column":23}},"57":{"start":{"line":133,"column":25},"end":{"line":160,"column":5}},"58":{"start":{"line":134,"column":8},"end":{"line":134,"column":27}},"59":{"start":{"line":136,"column":24},"end":{"line":136,"column":43}},"60":{"start":{"line":138,"column":8},"end":{"line":159,"column":9}},"61":{"start":{"line":139,"column":12},"end":{"line":139,"column":30}},"62":{"start":{"line":140,"column":12},"end":{"line":140,"column":37}},"63":{"start":{"line":141,"column":12},"end":{"line":141,"column":27}},"64":{"start":{"line":142,"column":12},"end":{"line":142,"column":28}},"65":{"start":{"line":143,"column":12},"end":{"line":143,"column":38}},"66":{"start":{"line":144,"column":12},"end":{"line":158,"column":13}},"67":{"start":{"line":146,"column":20},"end":{"line":147,"column":null}},"68":{"start":{"line":149,"column":16},"end":{"line":153,"column":17}},"69":{"start":{"line":150,"column":20},"end":{"line":150,"column":63}},"70":{"start":{"line":152,"column":20},"end":{"line":152,"column":74}},"71":{"start":{"line":155,"column":16},"end":{"line":155,"column":94}},"72":{"start":{"line":157,"column":16},"end":{"line":157,"column":35}},"73":{"start":{"line":162,"column":4},"end":{"line":250,"column":6}},"74":{"start":{"line":209,"column":49},"end":{"line":209,"column":71}},"75":{"start":{"line":210,"column":28},"end":{"line":210,"column":50}},"76":{"start":{"line":211,"column":28},"end":{"line":214,"column":31}},"77":{"start":{"line":215,"column":28},"end":{"line":215,"column":75}},"78":{"start":{"line":223,"column":32},"end":{"line":223,"column":63}},"79":{"start":{"line":253,"column":0},"end":{"line":253,"column":46}}},"fnMap":{"0":{"name":"(anonymous_0)","decl":{"start":{"line":12,"column":49},"end":{"line":12,"column":52}},"loc":{"start":{"line":12,"column":54},"end":{"line":251,"column":1}}},"1":{"name":"(anonymous_1)","decl":{"start":{"line":23,"column":14},"end":{"line":23,"column":17}},"loc":{"start":{"line":23,"column":19},"end":{"line":25,"column":5}}},"2":{"name":"(anonymous_2)","decl":{"start":{"line":50,"column":14},"end":{"line":50,"column":17}},"loc":{"start":{"line":50,"column":19},"end":{"line":69,"column":5}}},"3":{"name":"(anonymous_3)","decl":{"start":{"line":51,"column":27},"end":{"line":51,"column":32}},"loc":{"start":{"line":51,"column":38},"end":{"line":66,"column":9}}},"4":{"name":"(anonymous_4)","decl":{"start":{"line":72,"column":14},"end":{"line":72,"column":17}},"loc":{"start":{"line":72,"column":19},"end":{"line":74,"column":5}}},"5":{"name":"(anonymous_5)","decl":{"start":{"line":77,"column":26},"end":{"line":77,"column":27}},"loc":{"start":{"line":77,"column":83},"end":{"line":97,"column":5}}},"6":{"name":"(anonymous_6)","decl":{"start":{"line":91,"column":18},"end":{"line":91,"column":19}},"loc":{"start":{"line":91,"column":35},"end":{"line":94,"column":10}}},"7":{"name":"(anonymous_7)","decl":{"start":{"line":100,"column":30},"end":{"line":100,"column":31}},"loc":{"start":{"line":101,"column":8},"end":{"line":115,"column":9}}},"8":{"name":"(anonymous_8)","decl":{"start":{"line":101,"column":8},"end":{"line":101,"column":9}},"loc":{"start":{"line":101,"column":71},"end":{"line":115,"column":9}}},"9":{"name":"(anonymous_9)","decl":{"start":{"line":118,"column":30},"end":{"line":118,"column":42}},"loc":{"start":{"line":118,"column":44},"end":{"line":130,"column":5}}},"10":{"name":"(anonymous_10)","decl":{"start":{"line":122,"column":23},"end":{"line":122,"column":24}},"loc":{"start":{"line":122,"column":33},"end":{"line":127,"column":9}}},"11":{"name":"(anonymous_11)","decl":{"start":{"line":133,"column":25},"end":{"line":133,"column":30}},"loc":{"start":{"line":133,"column":54},"end":{"line":160,"column":5}}},"12":{"name":"(anonymous_12)","decl":{"start":{"line":208,"column":34},"end":{"line":208,"column":35}},"loc":{"start":{"line":208,"column":40},"end":{"line":216,"column":25}}},"13":{"name":"(anonymous_13)","decl":{"start":{"line":222,"column":38},"end":{"line":222,"column":39}},"loc":{"start":{"line":223,"column":32},"end":{"line":223,"column":63}}}},"branchMap":{"0":{"loc":{"start":{"line":55,"column":16},"end":{"line":59,"column":17}},"type":"if","locations":[{"start":{"line":55,"column":16},"end":{"line":59,"column":17}},{"start":{"line":57,"column":23},"end":{"line":59,"column":17}}]},"1":{"loc":{"start":{"line":56,"column":29},"end":{"line":56,"column":56}},"type":"binary-expr","locations":[{"start":{"line":56,"column":29},"end":{"line":56,"column":50}},{"start":{"line":56,"column":54},"end":{"line":56,"column":56}}]},"2":{"loc":{"start":{"line":62,"column":25},"end":{"line":62,"column":78}},"type":"binary-expr","locations":[{"start":{"line":62,"column":25},"end":{"line":62,"column":38}},{"start":{"line":62,"column":42},"end":{"line":62,"column":78}}]},"3":{"loc":{"start":{"line":80,"column":8},"end":{"line":85,"column":9}},"type":"if","locations":[{"start":{"line":80,"column":8},"end":{"line":85,"column":9}}]},"4":{"loc":{"start":{"line":80,"column":12},"end":{"line":80,"column":42}},"type":"binary-expr","locations":[{"start":{"line":80,"column":12},"end":{"line":80,"column":25}},{"start":{"line":80,"column":29},"end":{"line":80,"column":42}}]},"5":{"loc":{"start":{"line":82,"column":12},"end":{"line":84,"column":13}},"type":"if","locations":[{"start":{"line":82,"column":12},"end":{"line":84,"column":13}}]},"6":{"loc":{"start":{"line":82,"column":16},"end":{"line":82,"column":63}},"type":"binary-expr","locations":[{"start":{"line":82,"column":16},"end":{"line":82,"column":31}},{"start":{"line":82,"column":35},"end":{"line":82,"column":47}},{"start":{"line":82,"column":51},"end":{"line":82,"column":63}}]},"7":{"loc":{"start":{"line":87,"column":8},"end":{"line":89,"column":9}},"type":"if","locations":[{"start":{"line":87,"column":8},"end":{"line":89,"column":9}}]},"8":{"loc":{"start":{"line":87,"column":12},"end":{"line":87,"column":58}},"type":"binary-expr","locations":[{"start":{"line":87,"column":12},"end":{"line":87,"column":28}},{"start":{"line":87,"column":33},"end":{"line":87,"column":39}},{"start":{"line":87,"column":43},"end":{"line":87,"column":57}}]},"9":{"loc":{"start":{"line":112,"column":12},"end":{"line":114,"column":13}},"type":"if","locations":[{"start":{"line":112,"column":12},"end":{"line":114,"column":13}}]},"10":{"loc":{"start":{"line":124,"column":12},"end":{"line":126,"column":13}},"type":"if","locations":[{"start":{"line":124,"column":12},"end":{"line":126,"column":13}}]},"11":{"loc":{"start":{"line":138,"column":8},"end":{"line":159,"column":9}},"type":"if","locations":[{"start":{"line":138,"column":8},"end":{"line":159,"column":9}}]},"12":{"loc":{"start":{"line":149,"column":16},"end":{"line":153,"column":17}},"type":"if","locations":[{"start":{"line":149,"column":16},"end":{"line":153,"column":17}},{"start":{"line":151,"column":23},"end":{"line":153,"column":17}}]},"13":{"loc":{"start":{"line":155,"column":25},"end":{"line":155,"column":92}},"type":"binary-expr","locations":[{"start":{"line":155,"column":25},"end":{"line":155,"column":38}},{"start":{"line":155,"column":42},"end":{"line":155,"column":92}}]},"14":{"loc":{"start":{"line":166,"column":27},"end":{"line":166,"column":61}},"type":"cond-expr","locations":[{"start":{"line":166,"column":40},"end":{"line":166,"column":56}},{"start":{"line":166,"column":59},"end":{"line":166,"column":61}}]},"15":{"loc":{"start":{"line":175,"column":51},"end":{"line":175,"column":79}},"type":"cond-expr","locations":[{"start":{"line":175,"column":62},"end":{"line":175,"column":74}},{"start":{"line":175,"column":77},"end":{"line":175,"column":79}}]},"16":{"loc":{"start":{"line":178,"column":31},"end":{"line":178,"column":46}},"type":"binary-expr","locations":[{"start":{"line":178,"column":31},"end":{"line":178,"column":40}},{"start":{"line":178,"column":44},"end":{"line":178,"column":46}}]},"17":{"loc":{"start":{"line":184,"column":21},"end":{"line":184,"column":83}},"type":"binary-expr","locations":[{"start":{"line":184,"column":21},"end":{"line":184,"column":29}},{"start":{"line":184,"column":33},"end":{"line":184,"column":83}}]},"18":{"loc":{"start":{"line":190,"column":51},"end":{"line":190,"column":79}},"type":"cond-expr","locations":[{"start":{"line":190,"column":62},"end":{"line":190,"column":74}},{"start":{"line":190,"column":77},"end":{"line":190,"column":79}}]},"19":{"loc":{"start":{"line":193,"column":31},"end":{"line":193,"column":46}},"type":"binary-expr","locations":[{"start":{"line":193,"column":31},"end":{"line":193,"column":40}},{"start":{"line":193,"column":44},"end":{"line":193,"column":46}}]},"20":{"loc":{"start":{"line":199,"column":21},"end":{"line":199,"column":83}},"type":"binary-expr","locations":[{"start":{"line":199,"column":21},"end":{"line":199,"column":29}},{"start":{"line":199,"column":33},"end":{"line":199,"column":83}}]},"21":{"loc":{"start":{"line":205,"column":51},"end":{"line":205,"column":82}},"type":"cond-expr","locations":[{"start":{"line":205,"column":65},"end":{"line":205,"column":77}},{"start":{"line":205,"column":80},"end":{"line":205,"column":82}}]},"22":{"loc":{"start":{"line":221,"column":25},"end":{"line":226,"column":30}},"type":"binary-expr","locations":[{"start":{"line":221,"column":25},"end":{"line":221,"column":45}},{"start":{"line":222,"column":28},"end":{"line":226,"column":30}}]},"23":{"loc":{"start":{"line":229,"column":21},"end":{"line":229,"column":89}},"type":"binary-expr","locations":[{"start":{"line":229,"column":21},"end":{"line":229,"column":32}},{"start":{"line":229,"column":36},"end":{"line":229,"column":89}}]},"24":{"loc":{"start":{"line":233,"column":21},"end":{"line":234,"column":111}},"type":"cond-expr","locations":[{"start":{"line":233,"column":32},"end":{"line":234,"column":86}},{"start":{"line":234,"column":89},"end":{"line":234,"column":111}}]},"25":{"loc":{"start":{"line":237,"column":13},"end":{"line":241,"column":null}},"type":"binary-expr","locations":[{"start":{"line":237,"column":13},"end":{"line":237,"column":27}},{"start":{"line":238,"column":16},"end":{"line":240,"column":null}}]},"26":{"loc":{"start":{"line":243,"column":13},"end":{"line":246,"column":null}},"type":"binary-expr","locations":[{"start":{"line":243,"column":13},"end":{"line":243,"column":26}},{"start":{"line":244,"column":16},"end":{"line":245,"column":null}}]}},"s":{"0":1,"1":1,"2":1,"3":1,"4":1,"5":19,"6":18,"7":18,"8":18,"9":18,"10":18,"11":18,"12":18,"13":18,"14":4,"15":18,"16":18,"17":18,"18":18,"19":4,"20":4,"21":4,"22":4,"23":4,"24":1,"25":3,"26":4,"27":0,"28":4,"29":4,"30":18,"31":4,"32":18,"33":8,"34":8,"35":6,"36":6,"37":2,"38":8,"39":0,"40":8,"41":8,"42":8,"43":18,"44":36,"45":4,"46":4,"47":4,"48":4,"49":18,"50":1,"51":1,"52":1,"53":3,"54":3,"55":0,"56":1,"57":18,"58":1,"59":1,"60":1,"61":1,"62":1,"63":1,"64":1,"65":1,"66":1,"67":1,"68":1,"69":1,"70":0,"71":0,"72":1,"73":18,"74":1,"75":1,"76":1,"77":1,"78":10,"79":1},"f":{"0":19,"1":4,"2":4,"3":4,"4":4,"5":8,"6":8,"7":36,"8":4,"9":1,"10":3,"11":1,"12":1,"13":10},"b":{"0":[1,3],"1":[1,0],"2":[0,0],"3":[6],"4":[8,5],"5":[2],"6":[6,6,6],"7":[0],"8":[8,2,2],"9":[4],"10":[0],"11":[1],"12":[1,0],"13":[0,0],"14":[14,4],"15":[2,16],"16":[18,12],"17":[18,2],"18":[2,16],"19":[18,13],"20":[18,2],"21":[0,18],"22":[18,18],"23":[18,0],"24":[7,11],"25":[18,0],"26":[18,0]}}
}
