TN:
SF:src\components\ValidationErrorsDisplay.tsx
FN:3,(anonymous_0)
FN:11,(anonymous_1)
FN:15,(anonymous_2)
FNF:3
FNH:1
FNDA:18,(anonymous_0)
FNDA:0,(anonymous_1)
FNDA:0,(anonymous_2)
DA:3,1
DA:5,18
DA:6,18
DA:9,0
DA:12,0
DA:16,0
LF:6
LH:3
BRDA:5,0,0,18
BRDA:5,1,0,18
BRDA:5,1,1,0
BRF:3
BRH:2
end_of_record
TN:
SF:src\components\calculator\calculator-calculate-probability.tsx
FN:12,(anonymous_0)
FN:23,(anonymous_1)
FN:50,(anonymous_2)
FN:51,(anonymous_3)
FN:72,(anonymous_4)
FN:77,(anonymous_5)
FN:91,(anonymous_6)
FN:100,(anonymous_7)
FN:101,(anonymous_8)
FN:118,(anonymous_9)
FN:122,(anonymous_10)
FN:133,(anonymous_11)
FN:208,(anonymous_12)
FN:222,(anonymous_13)
FNF:14
FNH:14
FNDA:19,(anonymous_0)
FNDA:4,(anonymous_1)
FNDA:4,(anonymous_2)
FNDA:4,(anonymous_3)
FNDA:4,(anonymous_4)
FNDA:8,(anonymous_5)
FNDA:8,(anonymous_6)
FNDA:36,(anonymous_7)
FNDA:4,(anonymous_8)
FNDA:1,(anonymous_9)
FNDA:3,(anonymous_10)
FNDA:1,(anonymous_11)
FNDA:1,(anonymous_12)
FNDA:10,(anonymous_13)
DA:1,1
DA:2,1
DA:3,1
DA:10,1
DA:12,1
DA:13,19
DA:14,18
DA:15,18
DA:16,18
DA:17,18
DA:18,18
DA:19,18
DA:20,18
DA:23,18
DA:24,4
DA:28,18
DA:35,18
DA:42,18
DA:50,18
DA:51,4
DA:52,4
DA:53,4
DA:54,4
DA:55,4
DA:56,1
DA:58,3
DA:60,4
DA:62,0
DA:64,4
DA:68,4
DA:72,18
DA:73,4
DA:77,18
DA:78,8
DA:80,8
DA:81,6
DA:82,6
DA:83,2
DA:87,8
DA:88,0
DA:91,8
DA:96,8
DA:100,18
DA:101,36
DA:103,4
DA:106,4
DA:112,4
DA:113,4
DA:118,18
DA:119,1
DA:120,1
DA:122,1
DA:123,3
DA:124,3
DA:125,0
DA:129,1
DA:133,18
DA:134,1
DA:136,1
DA:138,1
DA:139,1
DA:140,1
DA:141,1
DA:142,1
DA:143,1
DA:144,1
DA:146,1
DA:149,1
DA:150,1
DA:152,0
DA:155,0
DA:157,1
DA:162,18
DA:209,1
DA:210,1
DA:211,1
DA:215,1
DA:223,10
DA:253,1
LF:79
LH:74
BRDA:55,0,0,1
BRDA:55,0,1,3
BRDA:56,1,0,1
BRDA:56,1,1,0
BRDA:62,2,0,0
BRDA:62,2,1,0
BRDA:80,3,0,6
BRDA:80,4,0,8
BRDA:80,4,1,5
BRDA:82,5,0,2
BRDA:82,6,0,6
BRDA:82,6,1,6
BRDA:82,6,2,6
BRDA:87,7,0,0
BRDA:87,8,0,8
BRDA:87,8,1,2
BRDA:87,8,2,2
BRDA:112,9,0,4
BRDA:124,10,0,0
BRDA:138,11,0,1
BRDA:149,12,0,1
BRDA:149,12,1,0
BRDA:155,13,0,0
BRDA:155,13,1,0
BRDA:166,14,0,14
BRDA:166,14,1,4
BRDA:175,15,0,2
BRDA:175,15,1,16
BRDA:178,16,0,18
BRDA:178,16,1,12
BRDA:184,17,0,18
BRDA:184,17,1,2
BRDA:190,18,0,2
BRDA:190,18,1,16
BRDA:193,19,0,18
BRDA:193,19,1,13
BRDA:199,20,0,18
BRDA:199,20,1,2
BRDA:205,21,0,0
BRDA:205,21,1,18
BRDA:221,22,0,18
BRDA:221,22,1,18
BRDA:229,23,0,18
BRDA:229,23,1,0
BRDA:233,24,0,7
BRDA:233,24,1,11
BRDA:237,25,0,18
BRDA:237,25,1,0
BRDA:243,26,0,18
BRDA:243,26,1,0
BRF:50
BRH:38
end_of_record
